c:\max\courses\687ood\hw\proj4\zhenyali-cse687ood-project4\project4\cppcli-wpf-app\debug\vc120.pdb
c:\max\courses\687ood\hw\proj4\zhenyali-cse687ood-project4\project4\cppcli-wpf-app\debug\window.obj
c:\max\courses\687ood\hw\proj4\zhenyali-cse687ood-project4\project4\cppcli-wpf-app\debug\message.obj
c:\max\courses\687ood\hw\proj4\zhenyali-cse687ood-project4\project4\cppcli-wpf-app\debug\.netframework,version=v4.0.assemblyattributes.obj
c:\max\courses\687ood\hw\proj4\zhenyali-cse687ood-project4\project4\debug\cppcli-wpf-app.exe
c:\max\courses\687ood\hw\proj4\zhenyali-cse687ood-project4\project4\debug\cppcli-wpf-app.pdb
h:\courses\687ood\hw\proj4\zhenyali-cse687ood-project4\project4\cppcli-wpf-app\debug\cppcli-wpf-app.vcxprojresolveassemblyreference.cache
h:\courses\687ood\hw\proj4\zhenyali-cse687ood-project4\project4\cppcli-wpf-app\debug\.netframework,version=v4.0.assemblyattributes.obj
h:\courses\687ood\hw\proj4\zhenyali-cse687ood-project4\project4\cppcli-wpf-app\debug\message.obj
h:\courses\687ood\hw\proj4\zhenyali-cse687ood-project4\project4\cppcli-wpf-app\debug\window.obj
h:\courses\687ood\hw\proj4\zhenyali-cse687ood-project4\project4\cppcli-wpf-app\debug\vc120.pdb
h:\courses\687ood\hw\proj4\zhenyali-cse687ood-project4\project4\debug\cppcli-wpf-app.pdb
h:\courses\687ood\hw\proj4\zhenyali-cse687ood-project4\project4\debug\cppcli-wpf-app.exe
h:\courses\687ood\hw\proj4\zhenyali-cse687ood-project4\project4\cppcli-wpf-app\debug\cppcli-wpf-app.tlog\cl.command.1.tlog
h:\courses\687ood\hw\proj4\zhenyali-cse687ood-project4\project4\cppcli-wpf-app\debug\cppcli-wpf-app.tlog\cl.read.1.tlog
h:\courses\687ood\hw\proj4\zhenyali-cse687ood-project4\project4\cppcli-wpf-app\debug\cppcli-wpf-app.tlog\cl.write.1.tlog
h:\courses\687ood\hw\proj4\zhenyali-cse687ood-project4\project4\cppcli-wpf-app\debug\cppcli-wpf-app.tlog\link.command.1.tlog
h:\courses\687ood\hw\proj4\zhenyali-cse687ood-project4\project4\cppcli-wpf-app\debug\cppcli-wpf-app.tlog\link.read.1.tlog
h:\courses\687ood\hw\proj4\zhenyali-cse687ood-project4\project4\cppcli-wpf-app\debug\cppcli-wpf-app.tlog\link.write.1.tlog
h:\courses\687ood\hw\proj4\zhenyali-cse687ood-project4\project4\cppcli-wpf-app\debug\cppcli-wpf-app.tlog\metagen.read.1.tlog
h:\courses\687ood\hw\proj4\zhenyali-cse687ood-project4\project4\cppcli-wpf-app\debug\cppcli-wpf-app.tlog\metagen.write.1.tlog
h:\courses\687ood\hw\proj4\zhenyali-cse687ood-project4\project4\cppcli-wpf-app\debug\cppcli-wpf-app.tlog\tzres.dll.bi
