Build started 10/20/2016 8:59:11 PM.
     1>Project "H:\courses\687ood\hw\PROJ4\ZhenyaLi-CSE687OOD-PROJECT4\project4\Server\Server.vcxproj" on node 2 (Build target(s)).
     1>ClCompile:
         H:\Visual Studio 2013\VC\bin\CL.exe /c /ZI /nologo /W3 /WX- /Od /Oy- /D WIN32 /D _DEBUG /D _CONSOLE /D _LIB /D SERVER_TEST /D _UNICODE /D UNICODE /Gm /EHsc /RTC1 /MDd /GS /fp:precise /Zc:wchar_t /Zc:forScope /Fo"Debug\\" /Fd"Debug\vc120.pdb" /Gd /TP /analyze- /errorReport:prompt ..\Tools\hw2\XmlDocument.cpp
         XmlDocument.cpp
       Link:
         H:\Visual Studio 2013\VC\bin\link.exe /ERRORREPORT:PROMPT /OUT:"H:\courses\687ood\hw\PROJ4\ZhenyaLi-CSE687OOD-PROJECT4\project4\Debug\Server.exe" /INCREMENTAL /NOLOGO kernel32.lib user32.lib gdi32.lib winspool.lib comdlg32.lib advapi32.lib shell32.lib ole32.lib oleaut32.lib uuid.lib odbc32.lib odbccp32.lib /MANIFEST /MANIFESTUAC:"level='asInvoker' uiAccess='false'" /manifest:embed /DEBUG /PDB:"H:\courses\687ood\hw\PROJ4\ZhenyaLi-CSE687OOD-PROJECT4\project4\Debug\Server.pdb" /SUBSYSTEM:CONSOLE /TLBID:1 /DYNAMICBASE /NXCOMPAT /IMPLIB:"H:\courses\687ood\hw\PROJ4\ZhenyaLi-CSE687OOD-PROJECT4\project4\Debug\Server.lib" /MACHINE:X86 "Debug\Cpp11-BlockingQueue.obj"
         Debug\AppHelpers.obj
         Debug\FileSystem.obj
         Debug\Cataloger.obj
         Debug\Datastore.obj
         Debug\Display.obj
         Debug\FileManager.obj
         Debug\Tokenizer.obj
         Debug\XmlDocument.obj
         Debug\XmlElement.obj
         Debug\xmlElementParts.obj
         Debug\Message.obj
         Debug\Sockets.obj
         Debug\Server.obj
         ..\Debug\myChannel.lib
         Server.vcxproj -> H:\courses\687ood\hw\PROJ4\ZhenyaLi-CSE687OOD-PROJECT4\project4\Debug\Server.exe
     1>Done Building Project "H:\courses\687ood\hw\PROJ4\ZhenyaLi-CSE687OOD-PROJECT4\project4\Server\Server.vcxproj" (Build target(s)).

Build succeeded.

Time Elapsed 00:00:00.82
