Build started 4/27/2015 5:04:10 PM.
     1>Project "C:\Max\courses\687ood\hw\PROJ4\helper\CppCli-WPF-App\myChannel\myChannel.vcxproj" on node 2 (Rebuild target(s)).
     1>ClCompile:
         C:\Program Files (x86)\Microsoft Visual Studio 12.0\VC\bin\CL.exe /c /ZI /nologo /W3 /WX- /Od /Oy- /D WIN32 /D _DEBUG /D _WINDOWS /D _USRDLL /D MYCHANNEL_EXPORTS /D _WINDLL /D _UNICODE /D UNICODE /Gm /EHsc /RTC1 /MDd /GS /fp:precise /Zc:wchar_t /Zc:forScope /Fo"Debug\\" /Fd"Debug\vc120.pdb" /Gd /TP /analyze- /errorReport:prompt ..\Tools\ApplicationHelpers\AppHelpers.cpp ..\Tools\FileSystemDemo\FileSystem.cpp ..\Tools\Message\Message.cpp ..\Tools\Sockets\Sockets.cpp "Cpp11-BlockingQueue.cpp" myChannel.cpp
         myChannel.cpp
         Cpp11-BlockingQueue.cpp
         Sockets.cpp
         Message.cpp
         FileSystem.cpp
         AppHelpers.cpp
         Generating Code...
       Link:
         C:\Program Files (x86)\Microsoft Visual Studio 12.0\VC\bin\link.exe /ERRORREPORT:PROMPT /OUT:"C:\Max\courses\687ood\hw\PROJ4\helper\CppCli-WPF-App\myChannel\Debug\myChannel.dll" /INCREMENTAL /NOLOGO kernel32.lib user32.lib gdi32.lib winspool.lib comdlg32.lib advapi32.lib shell32.lib ole32.lib oleaut32.lib uuid.lib odbc32.lib odbccp32.lib /MANIFEST /MANIFESTUAC:"level='asInvoker' uiAccess='false'" /manifest:embed /DEBUG /PDB:"C:\Max\courses\687ood\hw\PROJ4\helper\CppCli-WPF-App\myChannel\Debug\myChannel.pdb" /SUBSYSTEM:WINDOWS /TLBID:1 /DYNAMICBASE /NXCOMPAT /IMPLIB:"C:\Max\courses\687ood\hw\PROJ4\helper\CppCli-WPF-App\myChannel\Debug\myChannel.lib" /MACHINE:X86 /DLL Debug\AppHelpers.obj
         Debug\FileSystem.obj
         Debug\Message.obj
         Debug\Sockets.obj
         "Debug\Cpp11-BlockingQueue.obj"
         Debug\myChannel.obj
            Creating library C:\Max\courses\687ood\hw\PROJ4\helper\CppCli-WPF-App\myChannel\Debug\myChannel.lib and object C:\Max\courses\687ood\hw\PROJ4\helper\CppCli-WPF-App\myChannel\Debug\myChannel.exp
         myChannel.vcxproj -> C:\Max\courses\687ood\hw\PROJ4\helper\CppCli-WPF-App\myChannel\Debug\myChannel.dll
     1>Done Building Project "C:\Max\courses\687ood\hw\PROJ4\helper\CppCli-WPF-App\myChannel\myChannel.vcxproj" (Rebuild target(s)).

Build succeeded.

Time Elapsed 00:00:05.10
