c:\max\courses\687ood\hw\proj4\helper\cppcli-wpf-app\mychannel\debug\vc120.pdb
c:\max\courses\687ood\hw\proj4\helper\cppcli-wpf-app\mychannel\debug\vc120.idb
c:\max\courses\687ood\hw\proj4\helper\cppcli-wpf-app\mychannel\debug\apphelpers.obj
c:\max\courses\687ood\hw\proj4\helper\cppcli-wpf-app\mychannel\debug\filesystem.obj
c:\max\courses\687ood\hw\proj4\helper\cppcli-wpf-app\mychannel\debug\message.obj
c:\max\courses\687ood\hw\proj4\helper\cppcli-wpf-app\mychannel\debug\sockets.obj
c:\max\courses\687ood\hw\proj4\helper\cppcli-wpf-app\mychannel\debug\cpp11-blockingqueue.obj
c:\max\courses\687ood\hw\proj4\helper\cppcli-wpf-app\mychannel\debug\mychannel.obj
c:\max\courses\687ood\hw\proj4\helper\cppcli-wpf-app\debug\mychannel.ilk
c:\max\courses\687ood\hw\proj4\helper\cppcli-wpf-app\debug\mychannel.dll
c:\max\courses\687ood\hw\proj4\helper\cppcli-wpf-app\debug\mychannel.pdb
c:\max\courses\687ood\hw\proj4\helper\cppcli-wpf-app\debug\mychannel.lib
c:\max\courses\687ood\hw\proj4\helper\cppcli-wpf-app\debug\mychannel.exp
c:\max\courses\687ood\hw\proj4\helper\cppcli-wpf-app\mychannel\debug\mychannel.tlog\cl.command.1.tlog
c:\max\courses\687ood\hw\proj4\helper\cppcli-wpf-app\mychannel\debug\mychannel.tlog\cl.read.1.tlog
c:\max\courses\687ood\hw\proj4\helper\cppcli-wpf-app\mychannel\debug\mychannel.tlog\cl.write.1.tlog
c:\max\courses\687ood\hw\proj4\helper\cppcli-wpf-app\mychannel\debug\mychannel.tlog\link.command.1.tlog
c:\max\courses\687ood\hw\proj4\helper\cppcli-wpf-app\mychannel\debug\mychannel.tlog\link.read.1.tlog
c:\max\courses\687ood\hw\proj4\helper\cppcli-wpf-app\mychannel\debug\mychannel.tlog\link.write.1.tlog
c:\max\courses\687ood\hw\proj4\helper\cppcli-wpf-app\mychannel\debug\mychannel.tlog\mychannel.write.1u.tlog
